<?xml version="1.0" encoding="UTF-8"?>
<!-- Generated by org.testng.reporters.JUnitReportReporter -->
<testsuite hostname="DESKTOP-AAONRLB" failures="0" tests="12" name="PlayListTest" time="0.005" errors="0" timestamp="2021-04-02T15:13:12 PDT" skipped="0">
  <testcase classname="PlayListTest" name="testRemoveSong" time="0.000"/>
  <system-out/>
  <testcase classname="PlayListTest" name="testGetSongsArtist" time="0.001"/>
  <system-out/>
  <testcase classname="PlayListTest" name="testGetSongs" time="0.003"/>
  <system-out/>
  <testcase classname="PlayListTest" name="testSwap1" time="0.000"/>
  <system-out/>
  <testcase classname="PlayListTest" name="testSwap2" time="0.000"/>
  <system-out/>
  <testcase classname="PlayListTest" name="testRemoveArtist" time="0.000"/>
  <system-out/>
  <testcase classname="PlayListTest" name="testSwapParallelism2" time="0.000"/>
  <system-out/>
  <testcase classname="PlayListTest" name="testAverageRating" time="0.001"/>
  <system-out/>
  <testcase classname="PlayListTest" name="testSwapParallelism1" time="0.000"/>
  <system-out/>
  <testcase classname="PlayListTest" name="testGetStars" time="0.000"/>
  <system-out/>
  <testcase classname="PlayListTest" name="testGetArtist" time="0.000"/>
  <system-out/>
  <testcase classname="PlayListTest" name="testTestAverageRating" time="0.000"/>
  <system-out/>
</testsuite> <!-- PlayListTest -->
